# JRE version: OpenJDK Runtime Environment (8.0_265-b01) (build 1.8.0_265-b01)
# Java VM: OpenJDK 64-Bit Server VM (25.265-b01 mixed mode bsd-amd64 compressed oops)
Heap:
 PSYoungGen      total 481280K, used 228590K [0x00000006c0000000, 0x00000006e4c80000, 0x00000007c0000000)
  eden space 380416K, 59% used [0x00000006c0000000,0x00000006cde77a38,0x00000006d7380000)
  from space 100864K, 0% used [0x00000006dea00000,0x00000006deac4120,0x00000006e4c80000)
  to   space 111104K, 0% used [0x00000006d7380000,0x00000006d7380000,0x00000006de000000)
 ParOldGen       total 750080K, used 489593K [0x00000004c0000000, 0x00000004edc80000, 0x00000006c0000000)
  object space 750080K, 65% used [0x00000004c0000000,0x00000004dde1e658,0x00000004edc80000)
 Metaspace       used 30939K, capacity 31766K, committed 32000K, reserved 1077248K
  class space    used 3773K, capacity 3997K, committed 4096K, reserved 1048576K
GC Heap History (10 events):
Event: 285.457 GC heap before
{Heap before GC invocations=49 (full 5):
 PSYoungGen      total 491008K, used 335730K [0x00000006c0000000, 0x00000006e7d80000, 0x00000007c0000000)
  eden space 334336K, 99% used [0x00000006c0000000,0x00000006d461d520,0x00000006d4680000)
  from space 156672K, 1% used [0x00000006d4680000,0x00000006d483f330,0x00000006ddf80000)
  to   space 148992K, 0% used [0x00000006dec00000,0x00000006dec00000,0x00000006e7d80000)
 ParOldGen       total 750080K, used 489401K [0x00000004c0000000, 0x00000004edc80000, 0x00000006c0000000)
  object space 750080K, 65% used [0x00000004c0000000,0x00000004dddee658,0x00000004edc80000)
 Metaspace       used 30914K, capacity 31766K, committed 32000K, reserved 1077248K
  class space    used 3769K, capacity 3997K, committed 4096K, reserved 1048576K
Event: 285.459 GC heap after
Heap after GC invocations=49 (full 5):
 PSYoungGen      total 484352K, used 1825K [0x00000006c0000000, 0x00000006e6c00000, 0x00000007c0000000)
  eden space 353280K, 0% used [0x00000006c0000000,0x00000006c0000000,0x00000006d5900000)
  from space 131072K, 1% used [0x00000006dec00000,0x00000006dedc8510,0x00000006e6c00000)
  to   space 140800K, 0% used [0x00000006d5900000,0x00000006d5900000,0x00000006de280000)
 ParOldGen       total 750080K, used 489449K [0x00000004c0000000, 0x00000004edc80000, 0x00000006c0000000)
  object space 750080K, 65% used [0x00000004c0000000,0x00000004dddfa658,0x00000004edc80000)
 Metaspace       used 30914K, capacity 31766K, committed 32000K, reserved 1077248K
  class space    used 3769K, capacity 3997K, committed 4096K, reserved 1048576K
}
Event: 285.508 GC heap before
{Heap before GC invocations=50 (full 5):
 PSYoungGen      total 484352K, used 354615K [0x00000006c0000000, 0x00000006e6c00000, 0x00000007c0000000)
  eden space 353280K, 99% used [0x00000006c0000000,0x00000006d5885860,0x00000006d5900000)
  from space 131072K, 1% used [0x00000006dec00000,0x00000006dedc8510,0x00000006e6c00000)
  to   space 140800K, 0% used [0x00000006d5900000,0x00000006d5900000,0x00000006de280000)
 ParOldGen       total 750080K, used 489449K [0x00000004c0000000, 0x00000004edc80000, 0x00000006c0000000)
  object space 750080K, 65% used [0x00000004c0000000,0x00000004dddfa658,0x00000004edc80000)
 Metaspace       used 30914K, capacity 31766K, committed 32000K, reserved 1077248K
  class space    used 3769K, capacity 3997K, committed 4096K, reserved 1048576K
Event: 285.510 GC heap after
Heap after GC invocations=50 (full 5):
 PSYoungGen      total 494080K, used 2470K [0x00000006c0000000, 0x00000006e6e80000, 0x00000007c0000000)
  eden space 353280K, 0% used [0x00000006c0000000,0x00000006c0000000,0x00000006d5900000)
  from space 140800K, 1% used [0x00000006d5900000,0x00000006d5b69b00,0x00000006de280000)
  to   space 133120K, 0% used [0x00000006dec80000,0x00000006dec80000,0x00000006e6e80000)
 ParOldGen       total 750080K, used 489497K [0x00000004c0000000, 0x00000004edc80000, 0x00000006c0000000)
  object space 750080K, 65% used [0x00000004c0000000,0x00000004dde06658,0x00000004edc80000)
 Metaspace       used 30914K, capacity 31766K, committed 32000K, reserved 1077248K
  class space    used 3769K, capacity 3997K, committed 4096K, reserved 1048576K
}
Event: 285.553 GC heap before
{Heap before GC invocations=51 (full 5):
 PSYoungGen      total 494080K, used 355750K [0x00000006c0000000, 0x00000006e6e80000, 0x00000007c0000000)
  eden space 353280K, 100% used [0x00000006c0000000,0x00000006d5900000,0x00000006d5900000)
  from space 140800K, 1% used [0x00000006d5900000,0x00000006d5b69b00,0x00000006de280000)
  to   space 133120K, 0% used [0x00000006dec80000,0x00000006dec80000,0x00000006e6e80000)
 ParOldGen       total 750080K, used 489497K [0x00000004c0000000, 0x00000004edc80000, 0x00000006c0000000)
  object space 750080K, 65% used [0x00000004c0000000,0x00000004dde06658,0x00000004edc80000)
 Metaspace       used 30914K, capacity 31766K, committed 32000K, reserved 1077248K
  class space    used 3769K, capacity 3997K, committed 4096K, reserved 1048576K
Event: 285.558 GC heap after
Heap after GC invocations=51 (full 5):
 PSYoungGen      total 485888K, used 1410K [0x00000006c0000000, 0x00000006e5e00000, 0x00000007c0000000)
  eden space 369664K, 0% used [0x00000006c0000000,0x00000006c0000000,0x00000006d6900000)
  from space 116224K, 1% used [0x00000006dec80000,0x00000006dede0800,0x00000006e5e00000)
  to   space 125440K, 0% used [0x00000006d6900000,0x00000006d6900000,0x00000006de380000)
 ParOldGen       total 750080K, used 489529K [0x00000004c0000000, 0x00000004edc80000, 0x00000006c0000000)
  object space 750080K, 65% used [0x00000004c0000000,0x00000004dde0e658,0x00000004edc80000)
 Metaspace       used 30914K, capacity 31766K, committed 32000K, reserved 1077248K
  class space    used 3769K, capacity 3997K, committed 4096K, reserved 1048576K
}
Event: 288.552 GC heap before
{Heap before GC invocations=52 (full 5):
 PSYoungGen      total 485888K, used 371074K [0x00000006c0000000, 0x00000006e5e00000, 0x00000007c0000000)
  eden space 369664K, 100% used [0x00000006c0000000,0x00000006d6900000,0x00000006d6900000)
  from space 116224K, 1% used [0x00000006dec80000,0x00000006dede0800,0x00000006e5e00000)
  to   space 125440K, 0% used [0x00000006d6900000,0x00000006d6900000,0x00000006de380000)
 ParOldGen       total 750080K, used 489529K [0x00000004c0000000, 0x00000004edc80000, 0x00000006c0000000)
  object space 750080K, 65% used [0x00000004c0000000,0x00000004dde0e658,0x00000004edc80000)
 Metaspace       used 30917K, capacity 31766K, committed 32000K, reserved 1077248K
  class space    used 3769K, capacity 3997K, committed 4096K, reserved 1048576K
Event: 288.555 GC heap after
Heap after GC invocations=52 (full 5):
 PSYoungGen      total 495104K, used 768K [0x00000006c0000000, 0x00000006e5d80000, 0x00000007c0000000)
  eden space 369664K, 0% used [0x00000006c0000000,0x00000006c0000000,0x00000006d6900000)
  from space 125440K, 0% used [0x00000006d6900000,0x00000006d69c0000,0x00000006de380000)
  to   space 118272K, 0% used [0x00000006dea00000,0x00000006dea00000,0x00000006e5d80000)
 ParOldGen       total 750080K, used 489561K [0x00000004c0000000, 0x00000004edc80000, 0x00000006c0000000)
  object space 750080K, 65% used [0x00000004c0000000,0x00000004dde16658,0x00000004edc80000)
 Metaspace       used 30917K, capacity 31766K, committed 32000K, reserved 1077248K
  class space    used 3769K, capacity 3997K, committed 4096K, reserved 1048576K
}
Event: 295.406 GC heap before
{Heap before GC invocations=53 (full 5):
 PSYoungGen      total 495104K, used 370432K [0x00000006c0000000, 0x00000006e5d80000, 0x00000007c0000000)
  eden space 369664K, 100% used [0x00000006c0000000,0x00000006d6900000,0x00000006d6900000)
  from space 125440K, 0% used [0x00000006d6900000,0x00000006d69c0000,0x00000006de380000)
  to   space 118272K, 0% used [0x00000006dea00000,0x00000006dea00000,0x00000006e5d80000)
 ParOldGen       total 750080K, used 489561K [0x00000004c0000000, 0x00000004edc80000, 0x00000006c0000000)
  object space 750080K, 65% used [0x00000004c0000000,0x00000004dde16658,0x00000004edc80000)
 Metaspace       used 30917K, capacity 31766K, committed 32000K, reserved 1077248K
  class space    used 3769K, capacity 3997K, committed 4096K, reserved 1048576K
Event: 295.413 GC heap after
Heap after GC invocations=53 (full 5):
 PSYoungGen      total 481280K, used 784K [0x00000006c0000000, 0x00000006e4c80000, 0x00000007c0000000)
  eden space 380416K, 0% used [0x00000006c0000000,0x00000006c0000000,0x00000006d7380000)
  from space 100864K, 0% used [0x00000006dea00000,0x00000006deac4120,0x00000006e4c80000)
  to   space 111104K, 0% used [0x00000006d7380000,0x00000006d7380000,0x00000006de000000)
 ParOldGen       total 750080K, used 489593K [0x00000004c0000000, 0x00000004edc80000, 0x00000006c0000000)
  object space 750080K, 65% used [0x00000004c0000000,0x00000004dde1e658,0x00000004edc80000)
 Metaspace       used 30917K, capacity 31766K, committed 32000K, reserved 1077248K
  class space    used 3769K, capacity 3997K, committed 4096K, reserved 1048576K
}

