# JRE version: OpenJDK Runtime Environment (8.0_265-b01) (build 1.8.0_265-b01)
# Java VM: OpenJDK 64-Bit Server VM (25.265-b01 mixed mode bsd-amd64 compressed oops)
Heap:
 PSYoungGen      total 332800K, used 213350K [0x00000006c0000000, 0x00000006d7200000, 0x00000007c0000000)
  eden space 295936K, 71% used [0x00000006c0000000,0x00000006ccfb9a00,0x00000006d2100000)
  from space 36864K, 1% used [0x00000006d4e00000,0x00000006d4ea0000,0x00000006d7200000)
  to   space 41472K, 0% used [0x00000006d2100000,0x00000006d2100000,0x00000006d4980000)
 ParOldGen       total 710144K, used 488133K [0x00000004c0000000, 0x00000004eb580000, 0x00000006c0000000)
  object space 710144K, 68% used [0x00000004c0000000,0x00000004ddcb1688,0x00000004eb580000)
 Metaspace       used 30934K, capacity 31766K, committed 32000K, reserved 1077248K
  class space    used 3776K, capacity 3997K, committed 4096K, reserved 1048576K
GC Heap History (10 events):
Event: 307.290 GC heap before
{Heap before GC invocations=65 (full 6):
 PSYoungGen      total 324096K, used 265704K [0x00000006c0000000, 0x00000006d7c00000, 0x00000007c0000000)
  eden space 264704K, 99% used [0x00000006c0000000,0x00000006d024db00,0x00000006d0280000)
  from space 59392K, 2% used [0x00000006d0280000,0x00000006d03ac858,0x00000006d3c80000)
  to   space 56320K, 0% used [0x00000006d4500000,0x00000006d4500000,0x00000006d7c00000)
 ParOldGen       total 710144K, used 487978K [0x00000004c0000000, 0x00000004eb580000, 0x00000006c0000000)
  object space 710144K, 68% used [0x00000004c0000000,0x00000004ddc8ab18,0x00000004eb580000)
 Metaspace       used 30908K, capacity 31766K, committed 32000K, reserved 1077248K
  class space    used 3772K, capacity 3997K, committed 4096K, reserved 1048576K
Event: 307.292 GC heap after
Heap after GC invocations=65 (full 6):
 PSYoungGen      total 323584K, used 1802K [0x00000006c0000000, 0x00000006d7400000, 0x00000007c0000000)
  eden space 275456K, 0% used [0x00000006c0000000,0x00000006c0000000,0x00000006d0d00000)
  from space 48128K, 3% used [0x00000006d4500000,0x00000006d46c29f0,0x00000006d7400000)
  to   space 52736K, 0% used [0x00000006d0d00000,0x00000006d0d00000,0x00000006d4080000)
 ParOldGen       total 710144K, used 488010K [0x00000004c0000000, 0x00000004eb580000, 0x00000006c0000000)
  object space 710144K, 68% used [0x00000004c0000000,0x00000004ddc92b18,0x00000004eb580000)
 Metaspace       used 30908K, capacity 31766K, committed 32000K, reserved 1077248K
  class space    used 3772K, capacity 3997K, committed 4096K, reserved 1048576K
}
Event: 307.334 GC heap before
{Heap before GC invocations=66 (full 6):
 PSYoungGen      total 323584K, used 276783K [0x00000006c0000000, 0x00000006d7400000, 0x00000007c0000000)
  eden space 275456K, 99% used [0x00000006c0000000,0x00000006d0c89580,0x00000006d0d00000)
  from space 48128K, 3% used [0x00000006d4500000,0x00000006d46c29f0,0x00000006d7400000)
  to   space 52736K, 0% used [0x00000006d0d00000,0x00000006d0d00000,0x00000006d4080000)
 ParOldGen       total 710144K, used 488010K [0x00000004c0000000, 0x00000004eb580000, 0x00000006c0000000)
  object space 710144K, 68% used [0x00000004c0000000,0x00000004ddc92b18,0x00000004eb580000)
 Metaspace       used 30908K, capacity 31766K, committed 32000K, reserved 1077248K
  class space    used 3772K, capacity 3997K, committed 4096K, reserved 1048576K
Event: 307.340 GC heap after
Heap after GC invocations=66 (full 6):
 PSYoungGen      total 328192K, used 2401K [0x00000006c0000000, 0x00000006d7b00000, 0x00000007c0000000)
  eden space 275456K, 0% used [0x00000006c0000000,0x00000006c0000000,0x00000006d0d00000)
  from space 52736K, 4% used [0x00000006d0d00000,0x00000006d0f586e0,0x00000006d4080000)
  to   space 49664K, 0% used [0x00000006d4a80000,0x00000006d4a80000,0x00000006d7b00000)
 ParOldGen       total 710144K, used 488053K [0x00000004c0000000, 0x00000004eb580000, 0x00000006c0000000)
  object space 710144K, 68% used [0x00000004c0000000,0x00000004ddc9d688,0x00000004eb580000)
 Metaspace       used 30908K, capacity 31766K, committed 32000K, reserved 1077248K
  class space    used 3772K, capacity 3997K, committed 4096K, reserved 1048576K
}
Event: 307.373 GC heap before
{Heap before GC invocations=67 (full 6):
 PSYoungGen      total 328192K, used 277857K [0x00000006c0000000, 0x00000006d7b00000, 0x00000007c0000000)
  eden space 275456K, 100% used [0x00000006c0000000,0x00000006d0d00000,0x00000006d0d00000)
  from space 52736K, 4% used [0x00000006d0d00000,0x00000006d0f586e0,0x00000006d4080000)
  to   space 49664K, 0% used [0x00000006d4a80000,0x00000006d4a80000,0x00000006d7b00000)
 ParOldGen       total 710144K, used 488053K [0x00000004c0000000, 0x00000004eb580000, 0x00000006c0000000)
  object space 710144K, 68% used [0x00000004c0000000,0x00000004ddc9d688,0x00000004eb580000)
 Metaspace       used 30910K, capacity 31766K, committed 32000K, reserved 1077248K
  class space    used 3772K, capacity 3997K, committed 4096K, reserved 1048576K
Event: 307.374 GC heap after
Heap after GC invocations=67 (full 6):
 PSYoungGen      total 330240K, used 1884K [0x00000006c0000000, 0x00000006d7400000, 0x00000007c0000000)
  eden space 287744K, 0% used [0x00000006c0000000,0x00000006c0000000,0x00000006d1900000)
  from space 42496K, 4% used [0x00000006d4a80000,0x00000006d4c570f0,0x00000006d7400000)
  to   space 46592K, 0% used [0x00000006d1900000,0x00000006d1900000,0x00000006d4680000)
 ParOldGen       total 710144K, used 488077K [0x00000004c0000000, 0x00000004eb580000, 0x00000006c0000000)
  object space 710144K, 68% used [0x00000004c0000000,0x00000004ddca3688,0x00000004eb580000)
 Metaspace       used 30910K, capacity 31766K, committed 32000K, reserved 1077248K
  class space    used 3772K, capacity 3997K, committed 4096K, reserved 1048576K
}
Event: 919.650 GC heap before
{Heap before GC invocations=68 (full 6):
 PSYoungGen      total 330240K, used 289628K [0x00000006c0000000, 0x00000006d7400000, 0x00000007c0000000)
  eden space 287744K, 100% used [0x00000006c0000000,0x00000006d1900000,0x00000006d1900000)
  from space 42496K, 4% used [0x00000006d4a80000,0x00000006d4c570f0,0x00000006d7400000)
  to   space 46592K, 0% used [0x00000006d1900000,0x00000006d1900000,0x00000006d4680000)
 ParOldGen       total 710144K, used 488077K [0x00000004c0000000, 0x00000004eb580000, 0x00000006c0000000)
  object space 710144K, 68% used [0x00000004c0000000,0x00000004ddca3688,0x00000004eb580000)
 Metaspace       used 30911K, capacity 31766K, committed 32000K, reserved 1077248K
  class space    used 3772K, capacity 3997K, committed 4096K, reserved 1048576K
Event: 919.698 GC heap after
Heap after GC invocations=68 (full 6):
 PSYoungGen      total 334336K, used 672K [0x00000006c0000000, 0x00000006d7900000, 0x00000007c0000000)
  eden space 287744K, 0% used [0x00000006c0000000,0x00000006c0000000,0x00000006d1900000)
  from space 46592K, 1% used [0x00000006d1900000,0x00000006d19a8000,0x00000006d4680000)
  to   space 44032K, 0% used [0x00000006d4e00000,0x00000006d4e00000,0x00000006d7900000)
 ParOldGen       total 710144K, used 488101K [0x00000004c0000000, 0x00000004eb580000, 0x00000006c0000000)
  object space 710144K, 68% used [0x00000004c0000000,0x00000004ddca9688,0x00000004eb580000)
 Metaspace       used 30911K, capacity 31766K, committed 32000K, reserved 1077248K
  class space    used 3772K, capacity 3997K, committed 4096K, reserved 1048576K
}
Event: 925.013 GC heap before
{Heap before GC invocations=69 (full 6):
 PSYoungGen      total 334336K, used 288416K [0x00000006c0000000, 0x00000006d7900000, 0x00000007c0000000)
  eden space 287744K, 100% used [0x00000006c0000000,0x00000006d1900000,0x00000006d1900000)
  from space 46592K, 1% used [0x00000006d1900000,0x00000006d19a8000,0x00000006d4680000)
  to   space 44032K, 0% used [0x00000006d4e00000,0x00000006d4e00000,0x00000006d7900000)
 ParOldGen       total 710144K, used 488101K [0x00000004c0000000, 0x00000004eb580000, 0x00000006c0000000)
  object space 710144K, 68% used [0x00000004c0000000,0x00000004ddca9688,0x00000004eb580000)
 Metaspace       used 30911K, capacity 31766K, committed 32000K, reserved 1077248K
  class space    used 3772K, capacity 3997K, committed 4096K, reserved 1048576K
Event: 925.021 GC heap after
Heap after GC invocations=69 (full 6):
 PSYoungGen      total 332800K, used 640K [0x00000006c0000000, 0x00000006d7200000, 0x00000007c0000000)
  eden space 295936K, 0% used [0x00000006c0000000,0x00000006c0000000,0x00000006d2100000)
  from space 36864K, 1% used [0x00000006d4e00000,0x00000006d4ea0000,0x00000006d7200000)
  to   space 41472K, 0% used [0x00000006d2100000,0x00000006d2100000,0x00000006d4980000)
 ParOldGen       total 710144K, used 488133K [0x00000004c0000000, 0x00000004eb580000, 0x00000006c0000000)
  object space 710144K, 68% used [0x00000004c0000000,0x00000004ddcb1688,0x00000004eb580000)
 Metaspace       used 30911K, capacity 31766K, committed 32000K, reserved 1077248K
  class space    used 3772K, capacity 3997K, committed 4096K, reserved 1048576K
}

