# JRE version: OpenJDK Runtime Environment (8.0_265-b01) (build 1.8.0_265-b01)
# Java VM: OpenJDK 64-Bit Server VM (25.265-b01 mixed mode bsd-amd64 compressed oops)
Heap:
 PSYoungGen      total 402432K, used 148953K [0x00000006c0000000, 0x00000006db100000, 0x00000007c0000000)
  eden space 370688K, 39% used [0x00000006c0000000,0x00000006c90408b0,0x00000006d6a00000)
  from space 31744K, 3% used [0x00000006d9200000,0x00000006d9335ba8,0x00000006db100000)
  to   space 36352K, 0% used [0x00000006d6a00000,0x00000006d6a00000,0x00000006d8d80000)
 ParOldGen       total 712192K, used 476883K [0x00000004c0000000, 0x00000004eb780000, 0x00000006c0000000)
  object space 712192K, 66% used [0x00000004c0000000,0x00000004dd1b4f08,0x00000004eb780000)
 Metaspace       used 30772K, capacity 31570K, committed 31744K, reserved 1077248K
  class space    used 3758K, capacity 3985K, committed 4096K, reserved 1048576K
GC Heap History (10 events):
Event: 368.556 GC heap before
{Heap before GC invocations=47 (full 5):
 PSYoungGen      total 376832K, used 329080K [0x00000006c0000000, 0x00000006da780000, 0x00000007c0000000)
  eden space 327680K, 99% used [0x00000006c0000000,0x00000006d3f2d5b8,0x00000006d4000000)
  from space 49152K, 4% used [0x00000006d4000000,0x00000006d4230e38,0x00000006d7000000)
  to   space 47104K, 0% used [0x00000006d7980000,0x00000006d7980000,0x00000006da780000)
 ParOldGen       total 712192K, used 476699K [0x00000004c0000000, 0x00000004eb780000, 0x00000006c0000000)
  object space 712192K, 66% used [0x00000004c0000000,0x00000004dd186f08,0x00000004eb780000)
 Metaspace       used 30747K, capacity 31506K, committed 31744K, reserved 1077248K
  class space    used 3754K, capacity 3985K, committed 4096K, reserved 1048576K
Event: 368.559 GC heap after
Heap after GC invocations=47 (full 5):
 PSYoungGen      total 382464K, used 2318K [0x00000006c0000000, 0x00000006da300000, 0x00000007c0000000)
  eden space 339968K, 0% used [0x00000006c0000000,0x00000006c0000000,0x00000006d4c00000)
  from space 42496K, 5% used [0x00000006d7980000,0x00000006d7bc3b28,0x00000006da300000)
  to   space 44544K, 0% used [0x00000006d4c00000,0x00000006d4c00000,0x00000006d7780000)
 ParOldGen       total 712192K, used 476739K [0x00000004c0000000, 0x00000004eb780000, 0x00000006c0000000)
  object space 712192K, 66% used [0x00000004c0000000,0x00000004dd190f08,0x00000004eb780000)
 Metaspace       used 30747K, capacity 31506K, committed 31744K, reserved 1077248K
  class space    used 3754K, capacity 3985K, committed 4096K, reserved 1048576K
}
Event: 368.616 GC heap before
{Heap before GC invocations=48 (full 5):
 PSYoungGen      total 382464K, used 342286K [0x00000006c0000000, 0x00000006da300000, 0x00000007c0000000)
  eden space 339968K, 100% used [0x00000006c0000000,0x00000006d4c00000,0x00000006d4c00000)
  from space 42496K, 5% used [0x00000006d7980000,0x00000006d7bc3b28,0x00000006da300000)
  to   space 44544K, 0% used [0x00000006d4c00000,0x00000006d4c00000,0x00000006d7780000)
 ParOldGen       total 712192K, used 476739K [0x00000004c0000000, 0x00000004eb780000, 0x00000006c0000000)
  object space 712192K, 66% used [0x00000004c0000000,0x00000004dd190f08,0x00000004eb780000)
 Metaspace       used 30747K, capacity 31506K, committed 31744K, reserved 1077248K
  class space    used 3754K, capacity 3985K, committed 4096K, reserved 1048576K
Event: 368.623 GC heap after
Heap after GC invocations=48 (full 5):
 PSYoungGen      total 384512K, used 2891K [0x00000006c0000000, 0x00000006daf80000, 0x00000007c0000000)
  eden space 339968K, 0% used [0x00000006c0000000,0x00000006c0000000,0x00000006d4c00000)
  from space 44544K, 6% used [0x00000006d4c00000,0x00000006d4ed2e18,0x00000006d7780000)
  to   space 42496K, 0% used [0x00000006d8600000,0x00000006d8600000,0x00000006daf80000)
 ParOldGen       total 712192K, used 476779K [0x00000004c0000000, 0x00000004eb780000, 0x00000006c0000000)
  object space 712192K, 66% used [0x00000004c0000000,0x00000004dd19af08,0x00000004eb780000)
 Metaspace       used 30747K, capacity 31506K, committed 31744K, reserved 1077248K
  class space    used 3754K, capacity 3985K, committed 4096K, reserved 1048576K
}
Event: 368.681 GC heap before
{Heap before GC invocations=49 (full 5):
 PSYoungGen      total 384512K, used 342859K [0x00000006c0000000, 0x00000006daf80000, 0x00000007c0000000)
  eden space 339968K, 100% used [0x00000006c0000000,0x00000006d4c00000,0x00000006d4c00000)
  from space 44544K, 6% used [0x00000006d4c00000,0x00000006d4ed2e18,0x00000006d7780000)
  to   space 42496K, 0% used [0x00000006d8600000,0x00000006d8600000,0x00000006daf80000)
 ParOldGen       total 712192K, used 476779K [0x00000004c0000000, 0x00000004eb780000, 0x00000006c0000000)
  object space 712192K, 66% used [0x00000004c0000000,0x00000004dd19af08,0x00000004eb780000)
 Metaspace       used 30747K, capacity 31506K, committed 31744K, reserved 1077248K
  class space    used 3754K, capacity 3985K, committed 4096K, reserved 1048576K
Event: 368.687 GC heap after
Heap after GC invocations=49 (full 5):
 PSYoungGen      total 397312K, used 3027K [0x00000006c0000000, 0x00000006dac00000, 0x00000007c0000000)
  eden space 358400K, 0% used [0x00000006c0000000,0x00000006c0000000,0x00000006d5e00000)
  from space 38912K, 7% used [0x00000006d8600000,0x00000006d88f4ea8,0x00000006dac00000)
  to   space 39936K, 0% used [0x00000006d5e00000,0x00000006d5e00000,0x00000006d8500000)
 ParOldGen       total 712192K, used 476819K [0x00000004c0000000, 0x00000004eb780000, 0x00000006c0000000)
  object space 712192K, 66% used [0x00000004c0000000,0x00000004dd1a4f08,0x00000004eb780000)
 Metaspace       used 30747K, capacity 31506K, committed 31744K, reserved 1077248K
  class space    used 3754K, capacity 3985K, committed 4096K, reserved 1048576K
}
Event: 433.177 GC heap before
{Heap before GC invocations=50 (full 5):
 PSYoungGen      total 397312K, used 361427K [0x00000006c0000000, 0x00000006dac00000, 0x00000007c0000000)
  eden space 358400K, 100% used [0x00000006c0000000,0x00000006d5e00000,0x00000006d5e00000)
  from space 38912K, 7% used [0x00000006d8600000,0x00000006d88f4ea8,0x00000006dac00000)
  to   space 39936K, 0% used [0x00000006d5e00000,0x00000006d5e00000,0x00000006d8500000)
 ParOldGen       total 712192K, used 476819K [0x00000004c0000000, 0x00000004eb780000, 0x00000006c0000000)
  object space 712192K, 66% used [0x00000004c0000000,0x00000004dd1a4f08,0x00000004eb780000)
 Metaspace       used 30749K, capacity 31506K, committed 31744K, reserved 1077248K
  class space    used 3754K, capacity 3985K, committed 4096K, reserved 1048576K
Event: 433.226 GC heap after
Heap after GC invocations=50 (full 5):
 PSYoungGen      total 398336K, used 1302K [0x00000006c0000000, 0x00000006db700000, 0x00000007c0000000)
  eden space 358400K, 0% used [0x00000006c0000000,0x00000006c0000000,0x00000006d5e00000)
  from space 39936K, 3% used [0x00000006d5e00000,0x00000006d5f45ba8,0x00000006d8500000)
  to   space 37888K, 0% used [0x00000006d9200000,0x00000006d9200000,0x00000006db700000)
 ParOldGen       total 712192K, used 476851K [0x00000004c0000000, 0x00000004eb780000, 0x00000006c0000000)
  object space 712192K, 66% used [0x00000004c0000000,0x00000004dd1acf08,0x00000004eb780000)
 Metaspace       used 30749K, capacity 31506K, committed 31744K, reserved 1077248K
  class space    used 3754K, capacity 3985K, committed 4096K, reserved 1048576K
}
Event: 440.275 GC heap before
{Heap before GC invocations=51 (full 5):
 PSYoungGen      total 398336K, used 359702K [0x00000006c0000000, 0x00000006db700000, 0x00000007c0000000)
  eden space 358400K, 100% used [0x00000006c0000000,0x00000006d5e00000,0x00000006d5e00000)
  from space 39936K, 3% used [0x00000006d5e00000,0x00000006d5f45ba8,0x00000006d8500000)
  to   space 37888K, 0% used [0x00000006d9200000,0x00000006d9200000,0x00000006db700000)
 ParOldGen       total 712192K, used 476851K [0x00000004c0000000, 0x00000004eb780000, 0x00000006c0000000)
  object space 712192K, 66% used [0x00000004c0000000,0x00000004dd1acf08,0x00000004eb780000)
 Metaspace       used 30749K, capacity 31506K, committed 31744K, reserved 1077248K
  class space    used 3754K, capacity 3985K, committed 4096K, reserved 1048576K
Event: 440.284 GC heap after
Heap after GC invocations=51 (full 5):
 PSYoungGen      total 402432K, used 1238K [0x00000006c0000000, 0x00000006db100000, 0x00000007c0000000)
  eden space 370688K, 0% used [0x00000006c0000000,0x00000006c0000000,0x00000006d6a00000)
  from space 31744K, 3% used [0x00000006d9200000,0x00000006d9335ba8,0x00000006db100000)
  to   space 36352K, 0% used [0x00000006d6a00000,0x00000006d6a00000,0x00000006d8d80000)
 ParOldGen       total 712192K, used 476883K [0x00000004c0000000, 0x00000004eb780000, 0x00000006c0000000)
  object space 712192K, 66% used [0x00000004c0000000,0x00000004dd1b4f08,0x00000004eb780000)
 Metaspace       used 30749K, capacity 31506K, committed 31744K, reserved 1077248K
  class space    used 3754K, capacity 3985K, committed 4096K, reserved 1048576K
}

